c:\classfile\shaderviewer\shaderproject\assets\shader\2dps.cso
c:\classfile\shaderviewer\shaderproject\assets\shader\2dvs.cso
c:\classfile\shaderviewer\shaderproject\assets\shader\bumpmapps.cso
c:\classfile\shaderviewer\shaderproject\assets\shader\bumpvs.cso
c:\classfile\shaderviewer\shaderproject\assets\shader\concreteps.cso
c:\classfile\shaderviewer\shaderproject\assets\shader\concretevs.cso
c:\classfile\shaderviewer\shaderproject\assets\shader\depthscreenps.cso
c:\classfile\shaderviewer\shaderproject\assets\shader\depthscreenvs.cso
c:\classfile\shaderviewer\shaderproject\assets\shader\dissolve.cso
c:\classfile\shaderviewer\shaderproject\assets\shader\fireps.cso
c:\classfile\shaderviewer\shaderproject\assets\shader\flowerps.cso
c:\classfile\shaderviewer\shaderproject\assets\shader\fogps.cso
c:\classfile\shaderviewer\shaderproject\assets\shader\lambertps.cso
c:\classfile\shaderviewer\shaderproject\assets\shader\limlightps.cso
c:\classfile\shaderviewer\shaderproject\assets\shader\meatps.cso
c:\classfile\shaderviewer\shaderproject\assets\shader\mountainps.cso
c:\classfile\shaderviewer\shaderproject\assets\shader\mudps.cso
c:\classfile\shaderviewer\shaderproject\assets\shader\mudvs.cso
c:\classfile\shaderviewer\shaderproject\assets\shader\objectps.cso
c:\classfile\shaderviewer\shaderproject\assets\shader\objectvs.cso
c:\classfile\shaderviewer\shaderproject\assets\shader\outlinevs.cso
c:\classfile\shaderviewer\shaderproject\assets\shader\phongps.cso
c:\classfile\shaderviewer\shaderproject\assets\shader\playerps.cso
c:\classfile\shaderviewer\shaderproject\assets\shader\pointlightps.cso
c:\classfile\shaderviewer\shaderproject\assets\shader\rockps.cso
c:\classfile\shaderviewer\shaderproject\assets\shader\screenps.cso
c:\classfile\shaderviewer\shaderproject\assets\shader\seaps.cso
c:\classfile\shaderviewer\shaderproject\assets\shader\seavs.cso
c:\classfile\shaderviewer\shaderproject\assets\shader\skydomeps.cso
c:\classfile\shaderviewer\shaderproject\assets\shader\tentps.cso
c:\classfile\shaderviewer\shaderproject\assets\shader\toonps.cso
c:\classfile\shaderviewer\shaderproject\assets\shader\uips.cso
c:\classfile\shaderviewer\shaderproject\assets\shader\uivs.cso
c:\classfile\shaderviewer\shaderproject\x64\debug\argument.obj
c:\classfile\shaderviewer\shaderproject\x64\debug\background.obj
c:\classfile\shaderviewer\shaderproject\x64\debug\basicfigure.obj
c:\classfile\shaderviewer\shaderproject\x64\debug\bonfire.obj
c:\classfile\shaderviewer\shaderproject\x64\debug\camerabase.obj
c:\classfile\shaderviewer\shaderproject\x64\debug\cameradcc.obj
c:\classfile\shaderviewer\shaderproject\x64\debug\cameradepth.obj
c:\classfile\shaderviewer\shaderproject\x64\debug\cblendstate.obj
c:\classfile\shaderviewer\shaderproject\x64\debug\chair.obj
c:\classfile\shaderviewer\shaderproject\x64\debug\clanthanum.obj
c:\classfile\shaderviewer\shaderproject\x64\debug\constantbuffer.obj
c:\classfile\shaderviewer\shaderproject\x64\debug\crock.obj
c:\classfile\shaderviewer\shaderproject\x64\debug\depthstencil.obj
c:\classfile\shaderviewer\shaderproject\x64\debug\directx.obj
c:\classfile\shaderviewer\shaderproject\x64\debug\fire.obj
c:\classfile\shaderviewer\shaderproject\x64\debug\flower.obj
c:\classfile\shaderviewer\shaderproject\x64\debug\food.obj
c:\classfile\shaderviewer\shaderproject\x64\debug\gaussianblur.obj
c:\classfile\shaderviewer\shaderproject\x64\debug\geometory.obj
c:\classfile\shaderviewer\shaderproject\x64\debug\imgui.obj
c:\classfile\shaderviewer\shaderproject\x64\debug\imgui_draw.obj
c:\classfile\shaderviewer\shaderproject\x64\debug\imgui_impl_dx11.obj
c:\classfile\shaderviewer\shaderproject\x64\debug\imgui_impl_win32.obj
c:\classfile\shaderviewer\shaderproject\x64\debug\imgui_tables.obj
c:\classfile\shaderviewer\shaderproject\x64\debug\imgui_widgets.obj
c:\classfile\shaderviewer\shaderproject\x64\debug\input.obj
c:\classfile\shaderviewer\shaderproject\x64\debug\light.obj
c:\classfile\shaderviewer\shaderproject\x64\debug\main.obj
c:\classfile\shaderviewer\shaderproject\x64\debug\meat.obj
c:\classfile\shaderviewer\shaderproject\x64\debug\meatsettingobj.obj
c:\classfile\shaderviewer\shaderproject\x64\debug\meshbuffer.obj
c:\classfile\shaderviewer\shaderproject\x64\debug\model.obj
c:\classfile\shaderviewer\shaderproject\x64\debug\mountain.obj
c:\classfile\shaderviewer\shaderproject\x64\debug\objectsettingmanager.obj
c:\classfile\shaderviewer\shaderproject\x64\debug\player.obj
c:\classfile\shaderviewer\shaderproject\x64\debug\pointlight.obj
c:\classfile\shaderviewer\shaderproject\x64\debug\rendertarget.obj
c:\classfile\shaderviewer\shaderproject\x64\debug\scenebase.obj
c:\classfile\shaderviewer\shaderproject\x64\debug\scenebaseshader.obj
c:\classfile\shaderviewer\shaderproject\x64\debug\scenebump.obj
c:\classfile\shaderviewer\shaderproject\x64\debug\scenedeffered.obj
c:\classfile\shaderviewer\shaderproject\x64\debug\scenefade.obj
c:\classfile\shaderviewer\shaderproject\x64\debug\sceneselect.obj
c:\classfile\shaderviewer\shaderproject\x64\debug\sceneshading.obj
c:\classfile\shaderviewer\shaderproject\x64\debug\sceneshadow.obj
c:\classfile\shaderviewer\shaderproject\x64\debug\scenetoon.obj
c:\classfile\shaderviewer\shaderproject\x64\debug\selectsceneuiaction.obj
c:\classfile\shaderviewer\shaderproject\x64\debug\settingscenelight.obj
c:\classfile\shaderviewer\shaderproject\x64\debug\shader.obj
c:\classfile\shaderviewer\shaderproject\x64\debug\shaderlist.obj
c:\classfile\shaderviewer\shaderproject\x64\debug\skydome.obj
c:\classfile\shaderviewer\shaderproject\x64\debug\sound.obj
c:\classfile\shaderviewer\shaderproject\x64\debug\stacktrace.obj
c:\classfile\shaderviewer\shaderproject\x64\debug\startup.obj
c:\classfile\shaderviewer\shaderproject\x64\debug\tent.obj
c:\classfile\shaderviewer\shaderproject\x64\debug\texture.obj
c:\classfile\shaderviewer\shaderproject\x64\debug\texturefactory.obj
c:\classfile\shaderviewer\shaderproject\x64\debug\timer.obj
c:\classfile\shaderviewer\shaderproject\x64\debug\tree.obj
c:\classfile\shaderviewer\shaderproject\x64\debug\uibackground.obj
c:\classfile\shaderviewer\shaderproject\x64\debug\uibutton.obj
c:\classfile\shaderviewer\shaderproject\x64\debug\uilist.obj
c:\classfile\shaderviewer\shaderproject\x64\debug\uimanager.obj
c:\classfile\shaderviewer\shaderproject\x64\debug\uiobj.obj
c:\classfile\shaderviewer\shaderproject\x64\debug\uislider.obj
c:\classfile\shaderviewer\shaderproject\x64\debug\windialog.obj
c:\classfile\shaderviewer\shaderproject\x64\debug\vc143.idb
c:\classfile\shaderviewer\shaderproject\x64\debug\vc143.pdb
c:\classfile\shaderviewer\shaderproject\x64\debug\shaderproject.tlog\cl.command.1.tlog
c:\classfile\shaderviewer\shaderproject\x64\debug\shaderproject.tlog\fxc.command.1.tlog
c:\classfile\shaderviewer\shaderproject\x64\debug\shaderproject.tlog\fxc.read.1.tlog
c:\classfile\shaderviewer\shaderproject\x64\debug\shaderproject.tlog\fxc.write.1.tlog
